<?xml version="1.0" encoding="UTF-8"?>
<!-- Generated by org.testng.reporters.JUnitXMLReporter -->
<testsuite hostname="Filipe-PC" name="Report Test TC002" tests="4" failures="4" timestamp="7 Oct 2018 23:37:50 GMT" time="43.806" errors="0">
  <testcase name="f" time="5.734" classname="TC002.TC002">
    <failure type="java.lang.AssertionError" message="TC002 - Mensagem incorreta sendo  expected [Wrong Username or Password] but found [Wrong username or password.]">
      <![CDATA[java.lang.AssertionError: TC002 - Mensagem incorreta sendo  expected [Wrong Username or Password] but found [Wrong username or password.]
	at TC002.TC002.f(TC002.java:60)
... Removed 28 stack frames]]>
    </failure>
  </testcase> <!-- f -->
  <testcase name="f" time="5.358" classname="TC002.TC002">
    <failure type="java.lang.AssertionError" message="TC002 - Mensagem incorreta sendo  expected [Wrong Username or Password] but found [Wrong username or password.]">
      <![CDATA[java.lang.AssertionError: TC002 - Mensagem incorreta sendo  expected [Wrong Username or Password] but found [Wrong username or password.]
	at TC002.TC002.f(TC002.java:60)
... Removed 28 stack frames]]>
    </failure>
  </testcase> <!-- f -->
  <testcase name="f" time="5.388" classname="TC002.TC002">
    <failure type="java.lang.AssertionError" message="TC002 - Mensagem incorreta sendo  expected [Wrong Username or Password] but found [Wrong username or password.]">
      <![CDATA[java.lang.AssertionError: TC002 - Mensagem incorreta sendo  expected [Wrong Username or Password] but found [Wrong username or password.]
	at TC002.TC002.f(TC002.java:60)
... Removed 28 stack frames]]>
    </failure>
  </testcase> <!-- f -->
  <testcase name="f" time="8.34" classname="TC002.TC002">
    <failure type="java.lang.AssertionError" message="TC002 - Mensagem incorreta sendo  expected [Wrong Username or Password] but found [Wrong username or password.]">
      <![CDATA[java.lang.AssertionError: TC002 - Mensagem incorreta sendo  expected [Wrong Username or Password] but found [Wrong username or password.]
	at TC002.TC002.f(TC002.java:60)
... Removed 28 stack frames]]>
    </failure>
  </testcase> <!-- f -->
</testsuite> <!-- Report Test TC002 -->
