<?xml version="1.0" encoding="UTF-8"?>
<!-- Generated by org.testng.reporters.JUnitXMLReporter -->
<testsuite hostname="Filipe-PC" name="Report Test TC003" tests="17" failures="2" timestamp="7 Oct 2018 23:38:24 GMT" time="33.319" errors="0">
  <testcase name="click" time="3.787" classname="TC003.TC003"/>
  <testcase name="f" time="0.009" classname="TC003.TC003"/>
  <testcase name="f" time="0.006" classname="TC003.TC003"/>
  <testcase name="f" time="0.006" classname="TC003.TC003"/>
  <testcase name="f" time="0.008" classname="TC003.TC003"/>
  <testcase name="f" time="0.006" classname="TC003.TC003"/>
  <testcase name="f" time="0.007" classname="TC003.TC003"/>
  <testcase name="f" time="0.008" classname="TC003.TC003"/>
  <testcase name="f" time="0.006" classname="TC003.TC003"/>
  <testcase name="f" time="0.008" classname="TC003.TC003"/>
  <testcase name="f" time="0.007" classname="TC003.TC003"/>
  <testcase name="f" time="0.006" classname="TC003.TC003"/>
  <testcase name="f" time="0.007" classname="TC003.TC003"/>
  <testcase name="f" time="0.006" classname="TC003.TC003"/>
  <testcase name="f" time="0.006" classname="TC003.TC003"/>
  <testcase name="f" time="0.009" classname="TC003.TC003">
    <failure type="java.lang.AssertionError" message="expected [true] but found [false]">
      <![CDATA[java.lang.AssertionError: expected [true] but found [false]
	at func.Campos.validarCampos(Campos.java:40)
	at TC003.TC003.f(TC003.java:78)
... Removed 28 stack frames]]>
    </failure>
  </testcase> <!-- f -->
  <testcase name="f" time="0.012" classname="TC003.TC003">
    <failure type="java.lang.AssertionError" message="expected [true] but found [false]">
      <![CDATA[java.lang.AssertionError: expected [true] but found [false]
	at func.Campos.validarCampos(Campos.java:40)
	at TC003.TC003.f(TC003.java:78)
... Removed 28 stack frames]]>
    </failure>
  </testcase> <!-- f -->
</testsuite> <!-- Report Test TC003 -->
